<?xml version="1.0" encoding="UTF-8" ?>
<testsuite tests="8" failures="0" name="creditCardValidation.CreditCardValidationTest" time="0.003" errors="0" skipped="0">
  <properties>
[...]
</properties>
  <testcase classname="creditCardValidation.CreditCardValidationTest" name="testCreditCardNumberDiners" time="0.002"/>
  <testcase classname="creditCardValidation.CreditCardValidationTest" name="testCreditCardNumberVisa" time="0"/>
  <testcase classname="creditCardValidation.CreditCardValidationTest" name="testCreditCardNumberMaster" time="0"/>
  <testcase classname="creditCardValidation.CreditCardValidationTest" name="testCreditCardNumberJCB" time="0"/>
  <testcase classname="creditCardValidation.CreditCardValidationTest" name="testCreditCardNumberDiscover" time="0.001"/>
  <testcase classname="creditCardValidation.CreditCardValidationTest" name="testCreditCardNumberAmericanExpress" time="0"/>
  <testcase classname="creditCardValidation.CreditCardValidationTest" name="testIncorrectLengthOfCreditCardNumber" time="0"/>
  <testcase classname="creditCardValidation.CreditCardValidationTest" name="testCorrectLengthOfCreditCardNumber" time="0"/>
</testsuite>